<?xml version="1.0" encoding="UTF-8"?>
<job id="simple-batchlet-job" xmlns="http://xmlns.jcp.org/xml/ns/javaee">
    <listeners>
		<listener ref="ListenerIntegrationSI" />
	</listeners>
    <step id="batchlet-step">
        <batchlet ref="HelloWorldBatchlet"/>
    </step>
</job>